2025-08-15 21:27:31,632 - root - ERROR - Archaeological discovery failed: Object of type TimeframeType is not JSON serializable
Traceback (most recent call last):
  File "/Users/jack/IRONFORGE/run_full_archaeology_discovery.py", line 121, in discover_archaeological_phenomena
    catalog_file = archaeology.export_phenomena_catalog("deliverables/phenomena_catalog/complete_phenomena_catalog.json")
                   ^^^^^^^^^^^^^^^^^^^^^^^^^^^^^^^^^^^^^^^^^^^^^^^^^^^^^^^^^^^^^^^^^^^^^^^^^^^^^^^^^^^^^^^^^^^^^^^^^^^^^^
  File "/Users/jack/IRONFORGE/analysis/broad_spectrum_archaeology.py", line 900, in export_phenomena_catalog
    json.dump(catalog_data, f, indent=2)
  File "/Library/Frameworks/Python.framework/Versions/3.12/lib/python3.12/json/__init__.py", line 179, in dump
    for chunk in iterable:
  File "/Library/Frameworks/Python.framework/Versions/3.12/lib/python3.12/json/encoder.py", line 432, in _iterencode
    yield from _iterencode_dict(o, _current_indent_level)
  File "/Library/Frameworks/Python.framework/Versions/3.12/lib/python3.12/json/encoder.py", line 406, in _iterencode_dict
    yield from chunks
  File "/Library/Frameworks/Python.framework/Versions/3.12/lib/python3.12/json/encoder.py", line 406, in _iterencode_dict
    yield from chunks
  File "/Library/Frameworks/Python.framework/Versions/3.12/lib/python3.12/json/encoder.py", line 326, in _iterencode_list
    yield from chunks
  File "/Library/Frameworks/Python.framework/Versions/3.12/lib/python3.12/json/encoder.py", line 439, in _iterencode
    o = _default(o)
        ^^^^^^^^^^^
  File "/Library/Frameworks/Python.framework/Versions/3.12/lib/python3.12/json/encoder.py", line 180, in default
    raise TypeError(f'Object of type {o.__class__.__name__} '
TypeError: Object of type TimeframeType is not JSON serializable
